Specify game setting or type 'start' to begin a game with the current setting:
Wrong difficulty level. The value should be between 1 to 5
Difficulty is set to 4
Game mode is set to 2 players
Invalid command
8| R N B Q K B N R |
7| M M M M M M M M |
6| _ _ _ _ _ _ _ _ |
5| _ _ _ _ _ _ _ _ |
4| _ _ _ _ _ _ _ _ |
3| _ _ _ _ _ _ _ _ |
2| m m m m m m m m |
1| r n b q k b n r |
  -----------------
   A B C D E F G H
white player - enter your move:
Illegal move
8| R N B Q K B N R |
7| M M M M M M M M |
6| _ _ _ _ _ _ _ _ |
5| _ _ _ _ _ _ _ _ |
4| _ _ _ _ m _ _ _ |
3| _ _ _ _ _ _ _ _ |
2| m m m m _ m m m |
1| r n b q k b n r |
  -----------------
   A B C D E F G H
black player - enter your move:
8| R N B Q K B _ R |
7| M M M M M M M M |
6| _ _ _ _ _ N _ _ |
5| _ _ _ _ _ _ _ _ |
4| _ _ _ _ m _ _ _ |
3| _ _ _ _ _ _ _ _ |
2| m m m m _ m m m |
1| r n b q k b n r |
  -----------------
   A B C D E F G H
white player - enter your move:
8| R N B Q K B _ R |
7| M M M M M M M M |
6| _ _ _ _ _ N _ _ |
5| _ _ _ _ _ _ _ _ |
4| _ _ _ _ m _ _ _ |
3| _ _ n _ _ _ _ _ |
2| m m m m _ m m m |
1| r _ b q k b n r |
  -----------------
   A B C D E F G H
black player - enter your move:
8| R N B Q K B _ R |
7| M M M _ M M M M |
6| _ _ _ _ _ N _ _ |
5| _ _ _ M _ _ _ _ |
4| _ _ _ _ m _ _ _ |
3| _ _ n _ _ _ _ _ |
2| m m m m _ m m m |
1| r _ b q k b n r |
  -----------------
   A B C D E F G H
white player - enter your move:
Invalid position on the board
8| R N B Q K B _ R |
7| M M M _ M M M M |
6| _ _ _ _ _ N _ _ |
5| _ _ _ m _ _ _ _ |
4| _ _ _ _ _ _ _ _ |
3| _ _ n _ _ _ _ _ |
2| m m m m _ m m m |
1| r _ b q k b n r |
  -----------------
   A B C D E F G H
black player - enter your move:
8| R N B Q K B _ R |
7| M M M _ M M M M |
6| _ _ _ _ _ _ _ _ |
5| _ _ _ N _ _ _ _ |
4| _ _ _ _ _ _ _ _ |
3| _ _ n _ _ _ _ _ |
2| m m m m _ m m m |
1| r _ b q k b n r |
  -----------------
   A B C D E F G H
white player - enter your move:
8| R N B Q K B _ R |
7| M M M _ M M M M |
6| _ _ _ _ _ _ _ _ |
5| _ _ _ N _ _ _ _ |
4| _ _ b _ _ _ _ _ |
3| _ _ n _ _ _ _ _ |
2| m m m m _ m m m |
1| r _ b q k _ n r |
  -----------------
   A B C D E F G H
black player - enter your move:
Illegal move
8| R N B Q K B _ R |
7| M M M _ M M M M |
6| _ N _ _ _ _ _ _ |
5| _ _ _ _ _ _ _ _ |
4| _ _ b _ _ _ _ _ |
3| _ _ n _ _ _ _ _ |
2| m m m m _ m m m |
1| r _ b q k _ n r |
  -----------------
   A B C D E F G H
white player - enter your move:
8| R N B Q K B _ R |
7| M M M _ M M M M |
6| _ N _ _ _ _ _ _ |
5| _ _ _ _ _ _ _ _ |
4| _ _ _ _ _ _ _ _ |
3| _ b n _ _ _ _ _ |
2| m m m m _ m m m |
1| r _ b q k _ n r |
  -----------------
   A B C D E F G H
black player - enter your move:
8| R _ B Q K B _ R |
7| M M M _ M M M M |
6| _ N N _ _ _ _ _ |
5| _ _ _ _ _ _ _ _ |
4| _ _ _ _ _ _ _ _ |
3| _ b n _ _ _ _ _ |
2| m m m m _ m m m |
1| r _ b q k _ n r |
  -----------------
   A B C D E F G H
white player - enter your move:
The specified position does not contain your piece
8| R _ B Q K B _ R |
7| M M M _ M M M M |
6| _ N N _ _ _ _ _ |
5| _ _ _ _ _ _ _ _ |
4| _ _ _ _ _ _ _ _ |
3| _ b n _ _ n _ _ |
2| m m m m _ m m m |
1| r _ b q k _ _ r |
  -----------------
   A B C D E F G H
black player - enter your move:
Undo command not available in 2 players mode
8| R _ _ Q K B _ R |
7| M M M _ M M M M |
6| _ N N _ _ _ _ _ |
5| _ _ _ _ _ _ _ _ |
4| _ _ _ _ _ _ B _ |
3| _ b n _ _ n _ _ |
2| m m m m _ m m m |
1| r _ b q k _ _ r |
  -----------------
   A B C D E F G H
white player - enter your move:
Check: black King is threatend!
8| R _ _ Q K B _ R |
7| M M M _ M b M M |
6| _ N N _ _ _ _ _ |
5| _ _ _ _ _ _ _ _ |
4| _ _ _ _ _ _ B _ |
3| _ _ n _ _ n _ _ |
2| m m m m _ m m m |
1| r _ b q k _ _ r |
  -----------------
   A B C D E F G H
black player - enter your move:
8| R _ _ Q _ B _ R |
7| M M M K M b M M |
6| _ N N _ _ _ _ _ |
5| _ _ _ _ _ _ _ _ |
4| _ _ _ _ _ _ B _ |
3| _ _ n _ _ n _ _ |
2| m m m m _ m m m |
1| r _ b q k _ _ r |
  -----------------
   A B C D E F G H
white player - enter your move:
8| R _ _ Q _ B _ R |
7| M M M K M b M M |
6| _ N N _ _ _ _ _ |
5| _ _ _ _ _ _ _ _ |
4| _ _ _ _ _ _ B _ |
3| _ _ n _ _ n _ _ |
2| m m m m q m m m |
1| r _ b _ k _ _ r |
  -----------------
   A B C D E F G H
black player - enter your move:
8| R _ _ Q _ B _ R |
7| M M M K _ b M M |
6| _ N N _ M _ _ _ |
5| _ _ _ _ _ _ _ _ |
4| _ _ _ _ _ _ B _ |
3| _ _ n _ _ n _ _ |
2| m m m m q m m m |
1| r _ b _ k _ _ r |
  -----------------
   A B C D E F G H
white player - enter your move:
8| R _ _ Q _ B _ R |
7| M M M K _ b M M |
6| _ N N _ M _ _ _ |
5| _ _ _ _ _ _ _ _ |
4| _ _ _ _ _ _ B _ |
3| _ _ n _ _ n _ m |
2| m m m m q m m _ |
1| r _ b _ k _ _ r |
  -----------------
   A B C D E F G H
black player - enter your move:
8| R _ _ Q _ B _ R |
7| M M M K _ b M M |
6| _ N N _ M _ _ _ |
5| _ _ _ _ _ _ _ _ |
4| _ _ _ _ _ _ _ _ |
3| _ _ n _ _ B _ m |
2| m m m m q m m _ |
1| r _ b _ k _ _ r |
  -----------------
   A B C D E F G H
white player - enter your move:
8| R _ _ Q _ B _ R |
7| M M M K _ b M M |
6| _ N N _ q _ _ _ |
5| _ _ _ _ _ _ _ _ |
4| _ _ _ _ _ _ _ _ |
3| _ _ n _ _ B _ m |
2| m m m m _ m m _ |
1| r _ b _ k _ _ r |
  -----------------
   A B C D E F G H
Checkmate! white player wins the game
